14:34:15.960 [Test worker] INFO  i.g.a.c.e.e.m.c.check.MqVerifier.verify-0E7RQCE - Verifying actual={headers: {}; body:{"type":"PLAYER_READY","player":"Adam"}}, expected={headers: {}; body:{"type": "PLAYER_READY", "player" : "Adam" }}
14:34:16.015 [http-nio-8080-exec-1] INFO  c.e.game.guessnumber.MessageHandler.handleTextMessage - Message received: {"type": "LOGOUT_ALL"}
14:34:16.017 [http-nio-8080-exec-1] INFO  c.e.game.guessnumber.MessageHandler.send - Sending event PlayerEvent{player='Adam', type='PLAYER_UNREGISTERED'} to null
14:34:16.018 [http-nio-8080-exec-1] INFO  c.e.game.guessnumber.MessageHandler.send - Sending event PlayerEvent{player='Adam', type='PLAYER_UNREGISTERED'} to Bob
14:34:16.018 [WebSocketClient-AsyncIO-3] INFO  specs.WebSocketTester.handleTextMessage - Tester received: {"type":"PLAYER_UNREGISTERED","player":"Adam"}
14:34:16.018 [http-nio-8080-exec-1] INFO  c.e.game.guessnumber.MessageHandler.send - Sending event PlayerEvent{player='Bob', type='PLAYER_UNREGISTERED'} to null
14:34:16.019 [WebSocketClient-AsyncIO-3] INFO  specs.WebSocketTester.handleTextMessage - Tester received: {"type":"PLAYER_UNREGISTERED","player":"Adam"}
14:34:16.019 [WebSocketClient-AsyncIO-3] INFO  specs.WebSocketTester.handleTextMessage - Tester received: {"type":"PLAYER_UNREGISTERED","player":"Bob"}
14:34:16.176 [http-nio-8080-exec-2] INFO  c.e.game.guessnumber.MessageHandler.handleTextMessage - Message received: {"type": "LOGIN", "player": "Adam"}
14:34:16.177 [http-nio-8080-exec-2] INFO  c.e.game.guessnumber.MessageHandler.send - Sending event ConnectedEvent{players=[Adam]} to Adam
14:34:16.178 [WebSocketClient-AsyncIO-3] INFO  specs.WebSocketTester.handleTextMessage - Tester received: {"type":"CONNECTED","players":["Adam"]}
14:34:16.228 [http-nio-8080-exec-3] INFO  c.e.game.guessnumber.MessageHandler.handleTextMessage - Message received: {"type": "READY"}
14:34:16.229 [http-nio-8080-exec-3] INFO  c.e.game.guessnumber.MessageHandler.send - Sending event PlayerEvent{player='Adam', type='PLAYER_READY'} to Adam
14:34:16.230 [WebSocketClient-AsyncIO-3] INFO  specs.WebSocketTester.handleTextMessage - Tester received: {"type":"PLAYER_READY","player":"Adam"}
14:34:16.232 [  Thread-9] INFO  c.e.game.guessnumber.MessageHandler.send - Sending event CountdownEvent{value=2} to Adam
14:34:16.235 [WebSocketClient-AsyncIO-3] INFO  specs.WebSocketTester.handleTextMessage - Tester received: {"type":"COUNTDOWN","value":2}
14:34:16.334 [http-nio-8080-exec-4] INFO  c.e.game.guessnumber.MessageHandler.handleTextMessage - Message received: {"type": "BET", "bet": 10.0, "number": 1 }
14:34:16.362 [http-nio-8080-exec-4] INFO  c.e.game.guessnumber.MessageHandler.send - Sending event PlayerEvent{player='Adam', type='BET_PLACED'} to Adam
14:34:16.364 [WebSocketClient-AsyncIO-1] INFO  specs.WebSocketTester.handleTextMessage - Tester received: {"type":"BET_PLACED","player":"Adam"}
14:34:16.735 [  Thread-9] INFO  c.e.game.guessnumber.MessageHandler.send - Sending event CountdownEvent{value=1} to Adam
14:34:16.737 [WebSocketClient-AsyncIO-2] INFO  specs.WebSocketTester.handleTextMessage - Tester received: {"type":"COUNTDOWN","value":1}
14:34:17.236 [  Thread-9] INFO  c.e.game.guessnumber.MessageHandler.send - Sending event RoundResultEvent{value=7} to Adam
14:34:17.239 [WebSocketClient-AsyncIO-3] INFO  specs.WebSocketTester.handleTextMessage - Tester received: {"type":"ROUND_RESULT","value":7}
14:34:17.241 [  Thread-9] INFO  c.e.game.guessnumber.MessageHandler.send - Sending event PlayerResultEvent{won=false} to Adam
14:34:17.243 [WebSocketClient-AsyncIO-1] INFO  specs.WebSocketTester.handleTextMessage - Tester received: {"type":"PLAYER_RESULT","won":false}
14:34:17.244 [  Thread-9] INFO  c.e.game.guessnumber.MessageHandler.send - Sending event ResultsEvent{winners=[]} to Adam
14:34:17.248 [WebSocketClient-AsyncIO-1] INFO  specs.WebSocketTester.handleTextMessage - Tester received: {"type":"RESULTS","winners":[]}
