14:34:18.959 [Test worker] INFO  i.g.a.c.e.e.m.c.check.MqVerifier.verify-0E7RQCE - Verifying actual={headers: {}; body:{"type":"ERROR","violations":{"error":"Round not started"}}}, expected={headers: {}; body:{"type":"ERROR","violations":{"error":"Round not started"}}}
14:34:19.092 [http-nio-8080-exec-2] INFO  c.e.game.guessnumber.MessageHandler.handleTextMessage - Message received: {"type": "LOGOUT_ALL"}
14:34:19.100 [http-nio-8080-exec-2] INFO  c.e.game.guessnumber.MessageHandler.send - Sending event PlayerEvent{player='Adam', type='PLAYER_UNREGISTERED'} to null
14:34:19.100 [WebSocketClient-AsyncIO-1] INFO  specs.WebSocketTester.handleTextMessage - Tester received: {"type":"PLAYER_UNREGISTERED","player":"Adam"}
14:34:19.246 [http-nio-8080-exec-3] INFO  c.e.game.guessnumber.MessageHandler.handleTextMessage - Message received: {"type": "LOGIN", "player": "Adam"}
14:34:19.247 [http-nio-8080-exec-3] INFO  c.e.game.guessnumber.MessageHandler.send - Sending event ConnectedEvent{players=[Adam]} to Adam
14:34:19.248 [WebSocketClient-AsyncIO-1] INFO  specs.WebSocketTester.handleTextMessage - Tester received: {"type":"CONNECTED","players":["Adam"]}
14:34:19.297 [http-nio-8080-exec-4] INFO  c.e.game.guessnumber.MessageHandler.handleTextMessage - Message received: {"type": "READY"}
14:34:19.298 [http-nio-8080-exec-4] INFO  c.e.game.guessnumber.MessageHandler.send - Sending event PlayerEvent{player='Adam', type='PLAYER_READY'} to Adam
14:34:19.298 [WebSocketClient-AsyncIO-1] INFO  specs.WebSocketTester.handleTextMessage - Tester received: {"type":"PLAYER_READY","player":"Adam"}
14:34:19.300 [ Thread-11] INFO  c.e.game.guessnumber.MessageHandler.send - Sending event CountdownEvent{value=2} to Adam
14:34:19.301 [WebSocketClient-AsyncIO-1] INFO  specs.WebSocketTester.handleTextMessage - Tester received: {"type":"COUNTDOWN","value":2}
14:34:19.802 [ Thread-11] INFO  c.e.game.guessnumber.MessageHandler.send - Sending event CountdownEvent{value=1} to Adam
14:34:19.803 [WebSocketClient-AsyncIO-1] INFO  specs.WebSocketTester.handleTextMessage - Tester received: {"type":"COUNTDOWN","value":1}
14:34:20.303 [ Thread-11] INFO  c.e.game.guessnumber.MessageHandler.send - Sending event RoundResultEvent{value=7} to Adam
14:34:20.304 [ Thread-11] INFO  c.e.game.guessnumber.MessageHandler.send - Sending event PlayerResultEvent{won=false} to Adam
14:34:20.305 [ Thread-11] INFO  c.e.game.guessnumber.MessageHandler.send - Sending event ResultsEvent{winners=[]} to Adam
14:34:20.305 [WebSocketClient-AsyncIO-2] INFO  specs.WebSocketTester.handleTextMessage - Tester received: {"type":"ROUND_RESULT","value":7}
14:34:20.306 [WebSocketClient-AsyncIO-2] INFO  specs.WebSocketTester.handleTextMessage - Tester received: {"type":"PLAYER_RESULT","won":false}
14:34:20.306 [WebSocketClient-AsyncIO-2] INFO  specs.WebSocketTester.handleTextMessage - Tester received: {"type":"RESULTS","winners":[]}
