14:34:24.423 [Test worker] INFO  i.g.a.c.e.e.m.c.check.MqVerifier.verify-0E7RQCE - Verifying actual={headers: {}; body:{"type":"COUNTDOWN","value":1}}, expected={headers: {}; body:{"type": "COUNTDOWN", "value" : 1 }}
14:34:24.425 [Test worker] INFO  i.g.a.c.e.e.m.c.check.MqVerifier.verify-0E7RQCE - Verifying actual={headers: {}; body:{"type":"ROUND_RESULT","value":7}}, expected={headers: {}; body:{"type": "ROUND_RESULT", "value" : 7 }}
14:34:24.425 [Test worker] INFO  i.g.a.c.e.e.m.c.check.MqVerifier.verify-0E7RQCE - Verifying actual={headers: {}; body:{"type":"PLAYER_RESULT","won":false}}, expected={headers: {}; body:{"type": "PLAYER_RESULT", "won" : false }}
14:34:24.426 [Test worker] INFO  i.g.a.c.e.e.m.c.check.MqVerifier.verify-0E7RQCE - Verifying actual={headers: {}; body:{"type":"RESULTS","winners":[]}}, expected={headers: {}; body:{"type": "RESULTS", "winners" : [] }}
14:34:24.507 [http-nio-8080-exec-6] INFO  c.e.game.guessnumber.MessageHandler.handleTextMessage - Message received: {"type": "LOGOUT_ALL"}
14:34:24.508 [http-nio-8080-exec-6] INFO  c.e.game.guessnumber.MessageHandler.send - Sending event PlayerEvent{player='Adam', type='PLAYER_UNREGISTERED'} to null
14:34:24.509 [WebSocketClient-AsyncIO-3] INFO  specs.WebSocketTester.handleTextMessage - Tester received: {"type":"PLAYER_UNREGISTERED","player":"Adam"}
14:34:24.669 [http-nio-8080-exec-7] INFO  c.e.game.guessnumber.MessageHandler.handleTextMessage - Message received: {"type": "LOGIN", "player": "Adam"}
14:34:24.669 [http-nio-8080-exec-7] INFO  c.e.game.guessnumber.MessageHandler.send - Sending event ConnectedEvent{players=[Adam]} to Adam
14:34:24.671 [WebSocketClient-AsyncIO-3] INFO  specs.WebSocketTester.handleTextMessage - Tester received: {"type":"CONNECTED","players":["Adam"]}
14:34:24.719 [http-nio-8080-exec-8] INFO  c.e.game.guessnumber.MessageHandler.handleTextMessage - Message received: {"type": "LOGIN", "player": "Bob"}
14:34:24.720 [http-nio-8080-exec-8] INFO  c.e.game.guessnumber.MessageHandler.send - Sending event PlayerEvent{player='Bob', type='PLAYER_REGISTERED'} to Adam
14:34:24.720 [http-nio-8080-exec-8] INFO  c.e.game.guessnumber.MessageHandler.send - Sending event ConnectedEvent{players=[Adam, Bob]} to Bob
14:34:24.721 [WebSocketClient-AsyncIO-3] INFO  specs.WebSocketTester.handleTextMessage - Tester received: {"type":"PLAYER_REGISTERED","player":"Bob"}
14:34:24.722 [WebSocketClient-AsyncIO-4] INFO  specs.WebSocketTester.handleTextMessage - Tester received: {"type":"CONNECTED","players":["Adam","Bob"]}
14:34:24.770 [http-nio-8080-exec-9] INFO  c.e.game.guessnumber.MessageHandler.handleTextMessage - Message received: {"type": "READY"}
14:34:24.771 [http-nio-8080-exec-9] INFO  c.e.game.guessnumber.MessageHandler.send - Sending event PlayerEvent{player='Adam', type='PLAYER_READY'} to Adam
14:34:24.771 [http-nio-8080-exec-9] INFO  c.e.game.guessnumber.MessageHandler.send - Sending event PlayerEvent{player='Adam', type='PLAYER_READY'} to Bob
14:34:24.771 [WebSocketClient-AsyncIO-1] INFO  specs.WebSocketTester.handleTextMessage - Tester received: {"type":"PLAYER_READY","player":"Adam"}
14:34:24.772 [WebSocketClient-AsyncIO-1] INFO  specs.WebSocketTester.handleTextMessage - Tester received: {"type":"PLAYER_READY","player":"Adam"}
14:34:24.823 [http-nio-8080-exec-10] INFO  c.e.game.guessnumber.MessageHandler.handleTextMessage - Message received: {"type": "READY"}
14:34:24.823 [http-nio-8080-exec-10] INFO  c.e.game.guessnumber.MessageHandler.send - Sending event PlayerEvent{player='Bob', type='PLAYER_READY'} to Adam
14:34:24.823 [http-nio-8080-exec-10] INFO  c.e.game.guessnumber.MessageHandler.send - Sending event PlayerEvent{player='Bob', type='PLAYER_READY'} to Bob
14:34:24.824 [WebSocketClient-AsyncIO-1] INFO  specs.WebSocketTester.handleTextMessage - Tester received: {"type":"PLAYER_READY","player":"Bob"}
14:34:24.824 [WebSocketClient-AsyncIO-1] INFO  specs.WebSocketTester.handleTextMessage - Tester received: {"type":"PLAYER_READY","player":"Bob"}
14:34:24.824 [ Thread-16] INFO  c.e.game.guessnumber.MessageHandler.send - Sending event CountdownEvent{value=2} to Adam
14:34:24.825 [WebSocketClient-AsyncIO-1] INFO  specs.WebSocketTester.handleTextMessage - Tester received: {"type":"COUNTDOWN","value":2}
14:34:24.825 [ Thread-16] INFO  c.e.game.guessnumber.MessageHandler.send - Sending event CountdownEvent{value=2} to Bob
14:34:24.825 [WebSocketClient-AsyncIO-1] INFO  specs.WebSocketTester.handleTextMessage - Tester received: {"type":"COUNTDOWN","value":2}
14:34:24.976 [http-nio-8080-exec-1] INFO  c.e.game.guessnumber.MessageHandler.handleTextMessage - Message received: {"type": "BET", "bet": 10.0, "number": 7 }
14:34:24.977 [http-nio-8080-exec-1] INFO  c.e.game.guessnumber.MessageHandler.send - Sending event PlayerEvent{player='Adam', type='BET_PLACED'} to Adam
14:34:24.977 [http-nio-8080-exec-1] INFO  c.e.game.guessnumber.MessageHandler.send - Sending event PlayerEvent{player='Adam', type='BET_PLACED'} to Bob
14:34:24.978 [WebSocketClient-AsyncIO-1] INFO  specs.WebSocketTester.handleTextMessage - Tester received: {"type":"BET_PLACED","player":"Adam"}
14:34:24.979 [WebSocketClient-AsyncIO-1] INFO  specs.WebSocketTester.handleTextMessage - Tester received: {"type":"BET_PLACED","player":"Adam"}
14:34:24.982 [http-nio-8080-exec-2] INFO  c.e.game.guessnumber.MessageHandler.handleTextMessage - Message received: {"type": "BET", "bet": 10.0, "number": 2 }
14:34:24.982 [http-nio-8080-exec-2] INFO  c.e.game.guessnumber.MessageHandler.send - Sending event PlayerEvent{player='Bob', type='BET_PLACED'} to Adam
14:34:24.982 [http-nio-8080-exec-2] INFO  c.e.game.guessnumber.MessageHandler.send - Sending event PlayerEvent{player='Bob', type='BET_PLACED'} to Bob
14:34:24.983 [WebSocketClient-AsyncIO-1] INFO  specs.WebSocketTester.handleTextMessage - Tester received: {"type":"BET_PLACED","player":"Bob"}
14:34:24.983 [WebSocketClient-AsyncIO-2] INFO  specs.WebSocketTester.handleTextMessage - Tester received: {"type":"BET_PLACED","player":"Bob"}
14:34:25.326 [ Thread-16] INFO  c.e.game.guessnumber.MessageHandler.send - Sending event CountdownEvent{value=1} to Adam
14:34:25.327 [ Thread-16] INFO  c.e.game.guessnumber.MessageHandler.send - Sending event CountdownEvent{value=1} to Bob
14:34:25.327 [WebSocketClient-AsyncIO-1] INFO  specs.WebSocketTester.handleTextMessage - Tester received: {"type":"COUNTDOWN","value":1}
14:34:25.328 [WebSocketClient-AsyncIO-1] INFO  specs.WebSocketTester.handleTextMessage - Tester received: {"type":"COUNTDOWN","value":1}
14:34:25.828 [ Thread-16] INFO  c.e.game.guessnumber.MessageHandler.send - Sending event RoundResultEvent{value=7} to Adam
14:34:25.829 [ Thread-16] INFO  c.e.game.guessnumber.MessageHandler.send - Sending event RoundResultEvent{value=7} to Bob
14:34:25.829 [ Thread-16] INFO  c.e.game.guessnumber.MessageHandler.send - Sending event PlayerWonEvent{amount=99.00} to Adam
14:34:25.830 [ Thread-16] INFO  c.e.game.guessnumber.MessageHandler.send - Sending event PlayerResultEvent{won=false} to Bob
14:34:25.831 [ Thread-16] INFO  c.e.game.guessnumber.MessageHandler.send - Sending event ResultsEvent{winners=[Winner{name='Adam', win=99.00}]} to Adam
14:34:25.832 [ Thread-16] INFO  c.e.game.guessnumber.MessageHandler.send - Sending event ResultsEvent{winners=[Winner{name='Adam', win=99.00}]} to Bob
14:34:25.832 [WebSocketClient-AsyncIO-1] INFO  specs.WebSocketTester.handleTextMessage - Tester received: {"type":"ROUND_RESULT","value":7}
14:34:25.833 [WebSocketClient-AsyncIO-1] INFO  specs.WebSocketTester.handleTextMessage - Tester received: {"type":"PLAYER_RESULT","won":true,"amount":99.00}
14:34:25.833 [WebSocketClient-AsyncIO-1] INFO  specs.WebSocketTester.handleTextMessage - Tester received: {"type":"RESULTS","winners":[{"name":"Adam","win":99.00}]}
14:34:25.833 [WebSocketClient-AsyncIO-1] INFO  specs.WebSocketTester.handleTextMessage - Tester received: {"type":"ROUND_RESULT","value":7}
14:34:25.833 [WebSocketClient-AsyncIO-1] INFO  specs.WebSocketTester.handleTextMessage - Tester received: {"type":"PLAYER_RESULT","won":false}
14:34:25.833 [WebSocketClient-AsyncIO-1] INFO  specs.WebSocketTester.handleTextMessage - Tester received: {"type":"RESULTS","winners":[{"name":"Adam","win":99.00}]}
