14:40:44.824 [Test worker] INFO  i.g.a.c.e.e.m.c.check.MqVerifier.verify-0E7RQCE - Verifying actual={headers: {}; body:{"type":"BET_PLACED","player":"Adam"}}, expected={headers: {}; body:{"type": "BET_PLACED", "player" : "Adam" }}
14:40:44.827 [Test worker] INFO  i.g.a.c.e.e.m.c.check.MqVerifier.verify-0E7RQCE - Verifying actual={headers: {}; body:{"type":"COUNTDOWN","value":1}}, expected={headers: {}; body:{"type": "COUNTDOWN", "value" : 1 }}
14:40:44.827 [Test worker] INFO  i.g.a.c.e.e.m.c.check.MqVerifier.verify-0E7RQCE - Verifying actual={headers: {}; body:{"type":"PLAYER_RESULT","won":true,"amount":99.00}}, expected={headers: {}; body:{"type": "PLAYER_RESULT", "won" : true, "amount": 99.00 }}
14:40:44.829 [Test worker] INFO  i.g.a.c.e.e.m.c.check.MqVerifier.verify-0E7RQCE - Verifying actual={headers: {}; body:{"type":"RESULTS","winners":[{"name":"Adam","win":99.00}]}}, expected={headers: {}; body:{"type": "RESULTS", "winners" : [ { "name": "Adam", "win" : 99.00} ] }}
14:40:44.830 [Test worker] INFO  i.g.a.c.e.e.m.c.check.MqVerifier.verify-0E7RQCE - Verifying actual={headers: {}; body:{"type":"ROUND_RESULT","value":7}}, expected={headers: {}; body:{"type": "ROUND_RESULT", "value" : 7 }}
14:40:44.849 [http-nio-8080-exec-10] INFO  c.e.game.guessnumber.MessageHandler.handleTextMessage - Message received: {"type": "LOGOUT_ALL"}
14:40:44.851 [http-nio-8080-exec-10] INFO  c.e.game.guessnumber.MessageHandler.send - Sending event PlayerEvent{player='Adam', type='PLAYER_UNREGISTERED'} to null
14:40:44.852 [WebSocketClient-AsyncIO-2] INFO  specs.WebSocketTester.handleTextMessage - Tester received: {"type":"PLAYER_UNREGISTERED","player":"Adam"}
14:40:45.004 [http-nio-8080-exec-4] INFO  c.e.game.guessnumber.MessageHandler.handleTextMessage - Message received: {"type": "LOGIN", "player": "Adam"}
14:40:45.005 [http-nio-8080-exec-4] INFO  c.e.game.guessnumber.MessageHandler.send - Sending event ConnectedEvent{players=[Adam]} to Adam
14:40:45.005 [WebSocketClient-AsyncIO-2] INFO  specs.WebSocketTester.handleTextMessage - Tester received: {"type":"CONNECTED","players":["Adam"]}
14:40:45.055 [http-nio-8080-exec-1] INFO  c.e.game.guessnumber.MessageHandler.handleTextMessage - Message received: {"type": "READY"}
14:40:45.055 [http-nio-8080-exec-1] INFO  c.e.game.guessnumber.MessageHandler.send - Sending event PlayerEvent{player='Adam', type='PLAYER_READY'} to Adam
14:40:45.056 [WebSocketClient-AsyncIO-2] INFO  specs.WebSocketTester.handleTextMessage - Tester received: {"type":"PLAYER_READY","player":"Adam"}
14:40:45.056 [ Thread-13] INFO  c.e.game.guessnumber.MessageHandler.send - Sending event CountdownEvent{value=2} to Adam
14:40:45.057 [WebSocketClient-AsyncIO-2] INFO  specs.WebSocketTester.handleTextMessage - Tester received: {"type":"COUNTDOWN","value":2}
14:40:45.158 [http-nio-8080-exec-2] INFO  c.e.game.guessnumber.MessageHandler.handleTextMessage - Message received: {"type": "BET", "bet": 10.0, "number": 2 }
14:40:45.159 [http-nio-8080-exec-2] INFO  c.e.game.guessnumber.MessageHandler.send - Sending event PlayerEvent{player='Adam', type='BET_PLACED'} to Adam
14:40:45.160 [WebSocketClient-AsyncIO-1] INFO  specs.WebSocketTester.handleTextMessage - Tester received: {"type":"BET_PLACED","player":"Adam"}
14:40:45.557 [ Thread-13] INFO  c.e.game.guessnumber.MessageHandler.send - Sending event CountdownEvent{value=1} to Adam
14:40:45.558 [WebSocketClient-AsyncIO-1] INFO  specs.WebSocketTester.handleTextMessage - Tester received: {"type":"COUNTDOWN","value":1}
14:40:46.058 [ Thread-13] INFO  c.e.game.guessnumber.MessageHandler.send - Sending event RoundResultEvent{value=7} to Adam
14:40:46.060 [ Thread-13] INFO  c.e.game.guessnumber.MessageHandler.send - Sending event PlayerResultEvent{won=false} to Adam
14:40:46.063 [WebSocketClient-AsyncIO-1] INFO  specs.WebSocketTester.handleTextMessage - Tester received: {"type":"ROUND_RESULT","value":7}
14:40:46.064 [WebSocketClient-AsyncIO-1] INFO  specs.WebSocketTester.handleTextMessage - Tester received: {"type":"PLAYER_RESULT","won":false}
14:40:46.064 [ Thread-13] INFO  c.e.game.guessnumber.MessageHandler.send - Sending event ResultsEvent{winners=[]} to Adam
14:40:46.065 [WebSocketClient-AsyncIO-3] INFO  specs.WebSocketTester.handleTextMessage - Tester received: {"type":"RESULTS","winners":[]}
